# JRE version: Java(TM) SE Runtime Environment (8.0_73-b02) (build 1.8.0_73-b02)
# Java VM: Java HotSpot(TM) Client VM (25.73-b02 mixed mode windows-x86 )
Heap:
 def new generation   total 7744K, used 7355K [0x04800000, 0x05060000, 0x09d50000)
  eden space 6912K,  94% used [0x04800000, 0x04e5ef00, 0x04ec0000)
  from space 832K, 100% used [0x04f90000, 0x05060000, 0x05060000)
  to   space 832K,   0% used [0x04ec0000, 0x04ec0000, 0x04f90000)
 tenured generation   total 17040K, used 10504K [0x09d50000, 0x0adf4000, 0x14800000)
   the space 17040K,  61% used [0x09d50000, 0x0a7923c0, 0x0a792400, 0x0adf4000)
 Metaspace       used 12314K, capacity 13175K, committed 13184K, reserved 13696K
GC Heap History (10 events):
Event: 1.739 GC heap before
{Heap before GC invocations=8 (full 0):
 def new generation   total 4928K, used 4928K [0x04800000, 0x04d50000, 0x09d50000)
  eden space 4416K, 100% used [0x04800000, 0x04c50000, 0x04c50000)
  from space 512K, 100% used [0x04c50000, 0x04cd0000, 0x04cd0000)
  to   space 512K,   0% used [0x04cd0000, 0x04cd0000, 0x04d50000)
 tenured generation   total 10944K, used 6268K [0x09d50000, 0x0a800000, 0x14800000)
   the space 10944K,  57% used [0x09d50000, 0x0a36f398, 0x0a36f400, 0x0a800000)
 Metaspace       used 10738K, capacity 11464K, committed 11520K, reserved 11648K
Event: 1.746 GC heap after
Heap after GC invocations=9 (full 0):
 def new generation   total 4928K, used 512K [0x04800000, 0x04d50000, 0x09d50000)
  eden space 4416K,   0% used [0x04800000, 0x04800000, 0x04c50000)
  from space 512K, 100% used [0x04cd0000, 0x04d50000, 0x04d50000)
  to   space 512K,   0% used [0x04c50000, 0x04c50000, 0x04cd0000)
 tenured generation   total 10944K, used 7267K [0x09d50000, 0x0a800000, 0x14800000)
   the space 10944K,  66% used [0x09d50000, 0x0a468f40, 0x0a469000, 0x0a800000)
 Metaspace       used 10738K, capacity 11464K, committed 11520K, reserved 11648K
}
Event: 1.822 GC heap before
{Heap before GC invocations=9 (full 0):
 def new generation   total 4928K, used 4928K [0x04800000, 0x04d50000, 0x09d50000)
  eden space 4416K, 100% used [0x04800000, 0x04c50000, 0x04c50000)
  from space 512K, 100% used [0x04cd0000, 0x04d50000, 0x04d50000)
  to   space 512K,   0% used [0x04c50000, 0x04c50000, 0x04cd0000)
 tenured generation   total 10944K, used 7267K [0x09d50000, 0x0a800000, 0x14800000)
   the space 10944K,  66% used [0x09d50000, 0x0a468f40, 0x0a469000, 0x0a800000)
 Metaspace       used 10740K, capacity 11464K, committed 11520K, reserved 11648K
Event: 1.829 GC heap after
Heap after GC invocations=10 (full 0):
 def new generation   total 4928K, used 512K [0x04800000, 0x04d50000, 0x09d50000)
  eden space 4416K,   0% used [0x04800000, 0x04800000, 0x04c50000)
  from space 512K, 100% used [0x04c50000, 0x04cd0000, 0x04cd0000)
  to   space 512K,   0% used [0x04cd0000, 0x04cd0000, 0x04d50000)
 tenured generation   total 10944K, used 8521K [0x09d50000, 0x0a800000, 0x14800000)
   the space 10944K,  77% used [0x09d50000, 0x0a5a2508, 0x0a5a2600, 0x0a800000)
 Metaspace       used 10740K, capacity 11464K, committed 11520K, reserved 11648K
}
Event: 1.925 GC heap before
{Heap before GC invocations=10 (full 0):
 def new generation   total 4928K, used 4928K [0x04800000, 0x04d50000, 0x09d50000)
  eden space 4416K, 100% used [0x04800000, 0x04c50000, 0x04c50000)
  from space 512K, 100% used [0x04c50000, 0x04cd0000, 0x04cd0000)
  to   space 512K,   0% used [0x04cd0000, 0x04cd0000, 0x04d50000)
 tenured generation   total 10944K, used 8521K [0x09d50000, 0x0a800000, 0x14800000)
   the space 10944K,  77% used [0x09d50000, 0x0a5a2508, 0x0a5a2600, 0x0a800000)
 Metaspace       used 11421K, capacity 12227K, committed 12288K, reserved 12672K
Event: 1.931 GC heap after
Heap after GC invocations=11 (full 0):
 def new generation   total 4928K, used 512K [0x04800000, 0x04d50000, 0x09d50000)
  eden space 4416K,   0% used [0x04800000, 0x04800000, 0x04c50000)
  from space 512K, 100% used [0x04cd0000, 0x04d50000, 0x04d50000)
  to   space 512K,   0% used [0x04c50000, 0x04c50000, 0x04cd0000)
 tenured generation   total 10944K, used 9312K [0x09d50000, 0x0a800000, 0x14800000)
   the space 10944K,  85% used [0x09d50000, 0x0a668140, 0x0a668200, 0x0a800000)
 Metaspace       used 11421K, capacity 12227K, committed 12288K, reserved 12672K
}
Event: 1.971 GC heap before
{Heap before GC invocations=11 (full 0):
 def new generation   total 4928K, used 2047K [0x04800000, 0x04d50000, 0x09d50000)
  eden space 4416K,  34% used [0x04800000, 0x0497fd30, 0x04c50000)
  from space 512K, 100% used [0x04cd0000, 0x04d50000, 0x04d50000)
  to   space 512K,   0% used [0x04c50000, 0x04c50000, 0x04cd0000)
 tenured generation   total 10944K, used 9312K [0x09d50000, 0x0a800000, 0x14800000)
   the space 10944K,  85% used [0x09d50000, 0x0a668140, 0x0a668200, 0x0a800000)
 Metaspace       used 11483K, capacity 12269K, committed 12288K, reserved 12672K
Event: 1.998 GC heap after
Heap after GC invocations=12 (full 1):
 def new generation   total 7744K, used 0K [0x04800000, 0x05060000, 0x09d50000)
  eden space 6912K,   0% used [0x04800000, 0x04800000, 0x04ec0000)
  from space 832K,   0% used [0x04ec0000, 0x04ec0000, 0x04f90000)
  to   space 832K,   0% used [0x04f90000, 0x04f90000, 0x05060000)
 tenured generation   total 17040K, used 10221K [0x09d50000, 0x0adf4000, 0x14800000)
   the space 17040K,  59% used [0x09d50000, 0x0a74b688, 0x0a74b800, 0x0adf4000)
 Metaspace       used 11483K, capacity 12269K, committed 12288K, reserved 12672K
}
Event: 2.184 GC heap before
{Heap before GC invocations=12 (full 1):
 def new generation   total 7744K, used 5301K [0x04800000, 0x05060000, 0x09d50000)
  eden space 6912K,  76% used [0x04800000, 0x04d2d730, 0x04ec0000)
  from space 832K,   0% used [0x04ec0000, 0x04ec0000, 0x04f90000)
  to   space 832K,   0% used [0x04f90000, 0x04f90000, 0x05060000)
 tenured generation   total 17040K, used 10221K [0x09d50000, 0x0adf4000, 0x14800000)
   the space 17040K,  59% used [0x09d50000, 0x0a74b688, 0x0a74b800, 0x0adf4000)
 Metaspace       used 11865K, capacity 12723K, committed 12800K, reserved 13696K
Event: 2.193 GC heap after
Heap after GC invocations=13 (full 1):
 def new generation   total 7744K, used 832K [0x04800000, 0x05060000, 0x09d50000)
  eden space 6912K,   0% used [0x04800000, 0x04800000, 0x04ec0000)
  from space 832K, 100% used [0x04f90000, 0x05060000, 0x05060000)
  to   space 832K,   0% used [0x04ec0000, 0x04ec0000, 0x04f90000)
 tenured generation   total 17040K, used 10504K [0x09d50000, 0x0adf4000, 0x14800000)
   the space 17040K,  61% used [0x09d50000, 0x0a7923c0, 0x0a792400, 0x0adf4000)
 Metaspace       used 11865K, capacity 12723K, committed 12800K, reserved 13696K
}

