# JRE version: Java(TM) SE Runtime Environment (8.0_291-b10) (build 1.8.0_291-b10)
# Java VM: Java HotSpot(TM) 64-Bit Server VM (25.291-b10 mixed mode windows-amd64 compressed oops)
Heap:
 PSYoungGen      total 9728K, used 7865K [0x000000076b400000, 0x000000076bf00000, 0x00000007c0000000)
  eden space 8192K, 90% used [0x000000076b400000,0x000000076bb3eaf0,0x000000076bc00000)
  from space 1536K, 29% used [0x000000076bc00000,0x000000076bc6f950,0x000000076bd80000)
  to   space 1536K, 0% used [0x000000076bd80000,0x000000076bd80000,0x000000076bf00000)
 ParOldGen       total 706048K, used 700022K [0x00000006c1c00000, 0x00000006ecd80000, 0x000000076b400000)
  object space 706048K, 99% used [0x00000006c1c00000,0x00000006ec79db30,0x00000006ecd80000)
 Metaspace       used 31277K, capacity 32808K, committed 33024K, reserved 1077248K
  class space    used 3953K, capacity 4212K, committed 4352K, reserved 1048576K
GC Heap History (10 events):
Event: 126012.868 GC heap before
{Heap before GC invocations=36649 (full 236):
 PSYoungGen      total 9728K, used 8084K [0x000000076b400000, 0x000000076bf00000, 0x00000007c0000000)
  eden space 8192K, 94% used [0x000000076b400000,0x000000076bb8c480,0x000000076bc00000)
  from space 1536K, 23% used [0x000000076bd80000,0x000000076bdd8ee0,0x000000076bf00000)
  to   space 1536K, 0% used [0x000000076bc00000,0x000000076bc00000,0x000000076bd80000)
 ParOldGen       total 706048K, used 699399K [0x00000006c1c00000, 0x00000006ecd80000, 0x000000076b400000)
  object space 706048K, 99% used [0x00000006c1c00000,0x00000006ec701cd0,0x00000006ecd80000)
 Metaspace       used 31277K, capacity 32808K, committed 33024K, reserved 1077248K
  class space    used 3953K, capacity 4212K, committed 4352K, reserved 1048576K
Event: 126012.874 GC heap after
Heap after GC invocations=36649 (full 236):
 PSYoungGen      total 9728K, used 790K [0x000000076b400000, 0x000000076bf00000, 0x00000007c0000000)
  eden space 8192K, 0% used [0x000000076b400000,0x000000076b400000,0x000000076bc00000)
  from space 1536K, 51% used [0x000000076bc00000,0x000000076bcc5b40,0x000000076bd80000)
  to   space 1536K, 0% used [0x000000076bd80000,0x000000076bd80000,0x000000076bf00000)
 ParOldGen       total 706048K, used 699519K [0x00000006c1c00000, 0x00000006ecd80000, 0x000000076b400000)
  object space 706048K, 99% used [0x00000006c1c00000,0x00000006ec71fd28,0x00000006ecd80000)
 Metaspace       used 31277K, capacity 32808K, committed 33024K, reserved 1077248K
  class space    used 3953K, capacity 4212K, committed 4352K, reserved 1048576K
}
Event: 126021.549 GC heap before
{Heap before GC invocations=36650 (full 236):
 PSYoungGen      total 9728K, used 8982K [0x000000076b400000, 0x000000076bf00000, 0x00000007c0000000)
  eden space 8192K, 100% used [0x000000076b400000,0x000000076bc00000,0x000000076bc00000)
  from space 1536K, 51% used [0x000000076bc00000,0x000000076bcc5b40,0x000000076bd80000)
  to   space 1536K, 0% used [0x000000076bd80000,0x000000076bd80000,0x000000076bf00000)
 ParOldGen       total 706048K, used 699519K [0x00000006c1c00000, 0x00000006ecd80000, 0x000000076b400000)
  object space 706048K, 99% used [0x00000006c1c00000,0x00000006ec71fd28,0x00000006ecd80000)
 Metaspace       used 31277K, capacity 32808K, committed 33024K, reserved 1077248K
  class space    used 3953K, capacity 4212K, committed 4352K, reserved 1048576K
Event: 126021.555 GC heap after
Heap after GC invocations=36650 (full 236):
 PSYoungGen      total 9728K, used 637K [0x000000076b400000, 0x000000076bf00000, 0x00000007c0000000)
  eden space 8192K, 0% used [0x000000076b400000,0x000000076b400000,0x000000076bc00000)
  from space 1536K, 41% used [0x000000076bd80000,0x000000076be1f7c0,0x000000076bf00000)
  to   space 1536K, 0% used [0x000000076bc00000,0x000000076bc00000,0x000000076bd80000)
 ParOldGen       total 706048K, used 699742K [0x00000006c1c00000, 0x00000006ecd80000, 0x000000076b400000)
  object space 706048K, 99% used [0x00000006c1c00000,0x00000006ec757b00,0x00000006ecd80000)
 Metaspace       used 31277K, capacity 32808K, committed 33024K, reserved 1077248K
  class space    used 3953K, capacity 4212K, committed 4352K, reserved 1048576K
}
Event: 126022.202 GC heap before
{Heap before GC invocations=36651 (full 236):
 PSYoungGen      total 9728K, used 8829K [0x000000076b400000, 0x000000076bf00000, 0x00000007c0000000)
  eden space 8192K, 100% used [0x000000076b400000,0x000000076bc00000,0x000000076bc00000)
  from space 1536K, 41% used [0x000000076bd80000,0x000000076be1f7c0,0x000000076bf00000)
  to   space 1536K, 0% used [0x000000076bc00000,0x000000076bc00000,0x000000076bd80000)
 ParOldGen       total 706048K, used 699742K [0x00000006c1c00000, 0x00000006ecd80000, 0x000000076b400000)
  object space 706048K, 99% used [0x00000006c1c00000,0x00000006ec757b00,0x00000006ecd80000)
 Metaspace       used 31277K, capacity 32808K, committed 33024K, reserved 1077248K
  class space    used 3953K, capacity 4212K, committed 4352K, reserved 1048576K
Event: 126022.212 GC heap after
Heap after GC invocations=36651 (full 236):
 PSYoungGen      total 9728K, used 1182K [0x000000076b400000, 0x000000076bf00000, 0x00000007c0000000)
  eden space 8192K, 0% used [0x000000076b400000,0x000000076b400000,0x000000076bc00000)
  from space 1536K, 76% used [0x000000076bc00000,0x000000076bd27910,0x000000076bd80000)
  to   space 1536K, 0% used [0x000000076bd80000,0x000000076bd80000,0x000000076bf00000)
 ParOldGen       total 706048K, used 699838K [0x00000006c1c00000, 0x00000006ecd80000, 0x000000076b400000)
  object space 706048K, 99% used [0x00000006c1c00000,0x00000006ec76fb00,0x00000006ecd80000)
 Metaspace       used 31277K, capacity 32808K, committed 33024K, reserved 1077248K
  class space    used 3953K, capacity 4212K, committed 4352K, reserved 1048576K
}
Event: 126031.168 GC heap before
{Heap before GC invocations=36652 (full 236):
 PSYoungGen      total 9728K, used 9374K [0x000000076b400000, 0x000000076bf00000, 0x00000007c0000000)
  eden space 8192K, 100% used [0x000000076b400000,0x000000076bc00000,0x000000076bc00000)
  from space 1536K, 76% used [0x000000076bc00000,0x000000076bd27910,0x000000076bd80000)
  to   space 1536K, 0% used [0x000000076bd80000,0x000000076bd80000,0x000000076bf00000)
 ParOldGen       total 706048K, used 699838K [0x00000006c1c00000, 0x00000006ecd80000, 0x000000076b400000)
  object space 706048K, 99% used [0x00000006c1c00000,0x00000006ec76fb00,0x00000006ecd80000)
 Metaspace       used 31277K, capacity 32808K, committed 33024K, reserved 1077248K
  class space    used 3953K, capacity 4212K, committed 4352K, reserved 1048576K
Event: 126031.174 GC heap after
Heap after GC invocations=36652 (full 236):
 PSYoungGen      total 9728K, used 685K [0x000000076b400000, 0x000000076bf00000, 0x00000007c0000000)
  eden space 8192K, 0% used [0x000000076b400000,0x000000076b400000,0x000000076bc00000)
  from space 1536K, 44% used [0x000000076bd80000,0x000000076be2b668,0x000000076bf00000)
  to   space 1536K, 0% used [0x000000076bc00000,0x000000076bc00000,0x000000076bd80000)
 ParOldGen       total 706048K, used 699934K [0x00000006c1c00000, 0x00000006ecd80000, 0x000000076b400000)
  object space 706048K, 99% used [0x00000006c1c00000,0x00000006ec787b30,0x00000006ecd80000)
 Metaspace       used 31277K, capacity 32808K, committed 33024K, reserved 1077248K
  class space    used 3953K, capacity 4212K, committed 4352K, reserved 1048576K
}
Event: 126039.978 GC heap before
{Heap before GC invocations=36653 (full 236):
 PSYoungGen      total 9728K, used 8412K [0x000000076b400000, 0x000000076bf00000, 0x00000007c0000000)
  eden space 8192K, 94% used [0x000000076b400000,0x000000076bb8b9c8,0x000000076bc00000)
  from space 1536K, 44% used [0x000000076bd80000,0x000000076be2b668,0x000000076bf00000)
  to   space 1536K, 0% used [0x000000076bc00000,0x000000076bc00000,0x000000076bd80000)
 ParOldGen       total 706048K, used 699934K [0x00000006c1c00000, 0x00000006ecd80000, 0x000000076b400000)
  object space 706048K, 99% used [0x00000006c1c00000,0x00000006ec787b30,0x00000006ecd80000)
 Metaspace       used 31277K, capacity 32808K, committed 33024K, reserved 1077248K
  class space    used 3953K, capacity 4212K, committed 4352K, reserved 1048576K
Event: 126039.986 GC heap after
Heap after GC invocations=36653 (full 236):
 PSYoungGen      total 9728K, used 446K [0x000000076b400000, 0x000000076bf00000, 0x00000007c0000000)
  eden space 8192K, 0% used [0x000000076b400000,0x000000076b400000,0x000000076bc00000)
  from space 1536K, 29% used [0x000000076bc00000,0x000000076bc6f950,0x000000076bd80000)
  to   space 1536K, 0% used [0x000000076bd80000,0x000000076bd80000,0x000000076bf00000)
 ParOldGen       total 706048K, used 700022K [0x00000006c1c00000, 0x00000006ecd80000, 0x000000076b400000)
  object space 706048K, 99% used [0x00000006c1c00000,0x00000006ec79db30,0x00000006ecd80000)
 Metaspace       used 31277K, capacity 32808K, committed 33024K, reserved 1077248K
  class space    used 3953K, capacity 4212K, committed 4352K, reserved 1048576K
}

