# JRE version: Java(TM) SE Runtime Environment (8.0_291-b10) (build 1.8.0_291-b10)
# Java VM: Java HotSpot(TM) 64-Bit Server VM (25.291-b10 mixed mode windows-amd64 compressed oops)
Heap:
 PSYoungGen      total 28672K, used 6933K [0x000000076b400000, 0x000000076d200000, 0x00000007c0000000)
  eden space 26624K, 19% used [0x000000076b400000,0x000000076b90c590,0x000000076ce00000)
  from space 2048K, 86% used [0x000000076ce00000,0x000000076cfb9128,0x000000076d000000)
  to   space 2048K, 0% used [0x000000076d000000,0x000000076d000000,0x000000076d200000)
 ParOldGen       total 321536K, used 320328K [0x00000006c1c00000, 0x00000006d5600000, 0x000000076b400000)
  object space 321536K, 99% used [0x00000006c1c00000,0x00000006d54d2138,0x00000006d5600000)
 Metaspace       used 31731K, capacity 33238K, committed 33536K, reserved 1079296K
  class space    used 4040K, capacity 4310K, committed 4352K, reserved 1048576K
GC Heap History (10 events):
Event: 75080.134 GC heap before
{Heap before GC invocations=2787 (full 4):
 PSYoungGen      total 28672K, used 27687K [0x000000076b400000, 0x000000076d200000, 0x00000007c0000000)
  eden space 26624K, 97% used [0x000000076b400000,0x000000076cd511a8,0x000000076ce00000)
  from space 2048K, 86% used [0x000000076d000000,0x000000076d1b8e40,0x000000076d200000)
  to   space 2048K, 0% used [0x000000076ce00000,0x000000076ce00000,0x000000076d000000)
 ParOldGen       total 321536K, used 319696K [0x00000006c1c00000, 0x00000006d5600000, 0x000000076b400000)
  object space 321536K, 99% used [0x00000006c1c00000,0x00000006d5434138,0x00000006d5600000)
 Metaspace       used 31730K, capacity 33238K, committed 33536K, reserved 1079296K
  class space    used 4040K, capacity 4310K, committed 4352K, reserved 1048576K
Event: 75080.150 GC heap after
Heap after GC invocations=2787 (full 4):
 PSYoungGen      total 28672K, used 1822K [0x000000076b400000, 0x000000076d200000, 0x00000007c0000000)
  eden space 26624K, 0% used [0x000000076b400000,0x000000076b400000,0x000000076ce00000)
  from space 2048K, 88% used [0x000000076ce00000,0x000000076cfc79d0,0x000000076d000000)
  to   space 2048K, 0% used [0x000000076d000000,0x000000076d000000,0x000000076d200000)
 ParOldGen       total 321536K, used 319832K [0x00000006c1c00000, 0x00000006d5600000, 0x000000076b400000)
  object space 321536K, 99% used [0x00000006c1c00000,0x00000006d5456138,0x00000006d5600000)
 Metaspace       used 31730K, capacity 33238K, committed 33536K, reserved 1079296K
  class space    used 4040K, capacity 4310K, committed 4352K, reserved 1048576K
}
Event: 75090.897 GC heap before
{Heap before GC invocations=2788 (full 4):
 PSYoungGen      total 28672K, used 28446K [0x000000076b400000, 0x000000076d200000, 0x00000007c0000000)
  eden space 26624K, 100% used [0x000000076b400000,0x000000076ce00000,0x000000076ce00000)
  from space 2048K, 88% used [0x000000076ce00000,0x000000076cfc79d0,0x000000076d000000)
  to   space 2048K, 0% used [0x000000076d000000,0x000000076d000000,0x000000076d200000)
 ParOldGen       total 321536K, used 319832K [0x00000006c1c00000, 0x00000006d5600000, 0x000000076b400000)
  object space 321536K, 99% used [0x00000006c1c00000,0x00000006d5456138,0x00000006d5600000)
 Metaspace       used 31730K, capacity 33238K, committed 33536K, reserved 1079296K
  class space    used 4040K, capacity 4310K, committed 4352K, reserved 1048576K
Event: 75090.911 GC heap after
Heap after GC invocations=2788 (full 4):
 PSYoungGen      total 28672K, used 1667K [0x000000076b400000, 0x000000076d200000, 0x00000007c0000000)
  eden space 26624K, 0% used [0x000000076b400000,0x000000076b400000,0x000000076ce00000)
  from space 2048K, 81% used [0x000000076d000000,0x000000076d1a0f38,0x000000076d200000)
  to   space 2048K, 0% used [0x000000076ce00000,0x000000076ce00000,0x000000076d000000)
 ParOldGen       total 321536K, used 319936K [0x00000006c1c00000, 0x00000006d5600000, 0x000000076b400000)
  object space 321536K, 99% used [0x00000006c1c00000,0x00000006d5470138,0x00000006d5600000)
 Metaspace       used 31730K, capacity 33238K, committed 33536K, reserved 1079296K
  class space    used 4040K, capacity 4310K, committed 4352K, reserved 1048576K
}
Event: 75102.391 GC heap before
{Heap before GC invocations=2789 (full 4):
 PSYoungGen      total 28672K, used 27316K [0x000000076b400000, 0x000000076d200000, 0x00000007c0000000)
  eden space 26624K, 96% used [0x000000076b400000,0x000000076cd0c3e8,0x000000076ce00000)
  from space 2048K, 81% used [0x000000076d000000,0x000000076d1a0f38,0x000000076d200000)
  to   space 2048K, 0% used [0x000000076ce00000,0x000000076ce00000,0x000000076d000000)
 ParOldGen       total 321536K, used 319936K [0x00000006c1c00000, 0x00000006d5600000, 0x000000076b400000)
  object space 321536K, 99% used [0x00000006c1c00000,0x00000006d5470138,0x00000006d5600000)
 Metaspace       used 31730K, capacity 33238K, committed 33536K, reserved 1079296K
  class space    used 4040K, capacity 4310K, committed 4352K, reserved 1048576K
Event: 75102.401 GC heap after
Heap after GC invocations=2789 (full 4):
 PSYoungGen      total 28672K, used 1822K [0x000000076b400000, 0x000000076d200000, 0x00000007c0000000)
  eden space 26624K, 0% used [0x000000076b400000,0x000000076b400000,0x000000076ce00000)
  from space 2048K, 88% used [0x000000076ce00000,0x000000076cfc7ad8,0x000000076d000000)
  to   space 2048K, 0% used [0x000000076d000000,0x000000076d000000,0x000000076d200000)
 ParOldGen       total 321536K, used 320080K [0x00000006c1c00000, 0x00000006d5600000, 0x000000076b400000)
  object space 321536K, 99% used [0x00000006c1c00000,0x00000006d5494138,0x00000006d5600000)
 Metaspace       used 31730K, capacity 33238K, committed 33536K, reserved 1079296K
  class space    used 4040K, capacity 4310K, committed 4352K, reserved 1048576K
}
Event: 75111.744 GC heap before
{Heap before GC invocations=2790 (full 4):
 PSYoungGen      total 28672K, used 28204K [0x000000076b400000, 0x000000076d200000, 0x00000007c0000000)
  eden space 26624K, 99% used [0x000000076b400000,0x000000076cdc3620,0x000000076ce00000)
  from space 2048K, 88% used [0x000000076ce00000,0x000000076cfc7ad8,0x000000076d000000)
  to   space 2048K, 0% used [0x000000076d000000,0x000000076d000000,0x000000076d200000)
 ParOldGen       total 321536K, used 320080K [0x00000006c1c00000, 0x00000006d5600000, 0x000000076b400000)
  object space 321536K, 99% used [0x00000006c1c00000,0x00000006d5494138,0x00000006d5600000)
 Metaspace       used 31731K, capacity 33238K, committed 33536K, reserved 1079296K
  class space    used 4040K, capacity 4310K, committed 4352K, reserved 1048576K
Event: 75111.753 GC heap after
Heap after GC invocations=2790 (full 4):
 PSYoungGen      total 28672K, used 1902K [0x000000076b400000, 0x000000076d200000, 0x00000007c0000000)
  eden space 26624K, 0% used [0x000000076b400000,0x000000076b400000,0x000000076ce00000)
  from space 2048K, 92% used [0x000000076d000000,0x000000076d1db9c0,0x000000076d200000)
  to   space 2048K, 0% used [0x000000076ce00000,0x000000076ce00000,0x000000076d000000)
 ParOldGen       total 321536K, used 320208K [0x00000006c1c00000, 0x00000006d5600000, 0x000000076b400000)
  object space 321536K, 99% used [0x00000006c1c00000,0x00000006d54b4138,0x00000006d5600000)
 Metaspace       used 31731K, capacity 33238K, committed 33536K, reserved 1079296K
  class space    used 4040K, capacity 4310K, committed 4352K, reserved 1048576K
}
Event: 75121.837 GC heap before
{Heap before GC invocations=2791 (full 4):
 PSYoungGen      total 28672K, used 28526K [0x000000076b400000, 0x000000076d200000, 0x00000007c0000000)
  eden space 26624K, 100% used [0x000000076b400000,0x000000076ce00000,0x000000076ce00000)
  from space 2048K, 92% used [0x000000076d000000,0x000000076d1db9c0,0x000000076d200000)
  to   space 2048K, 0% used [0x000000076ce00000,0x000000076ce00000,0x000000076d000000)
 ParOldGen       total 321536K, used 320208K [0x00000006c1c00000, 0x00000006d5600000, 0x000000076b400000)
  object space 321536K, 99% used [0x00000006c1c00000,0x00000006d54b4138,0x00000006d5600000)
 Metaspace       used 31731K, capacity 33238K, committed 33536K, reserved 1079296K
  class space    used 4040K, capacity 4310K, committed 4352K, reserved 1048576K
Event: 75121.842 GC heap after
Heap after GC invocations=2791 (full 4):
 PSYoungGen      total 28672K, used 1764K [0x000000076b400000, 0x000000076d200000, 0x00000007c0000000)
  eden space 26624K, 0% used [0x000000076b400000,0x000000076b400000,0x000000076ce00000)
  from space 2048K, 86% used [0x000000076ce00000,0x000000076cfb9128,0x000000076d000000)
  to   space 2048K, 0% used [0x000000076d000000,0x000000076d000000,0x000000076d200000)
 ParOldGen       total 321536K, used 320328K [0x00000006c1c00000, 0x00000006d5600000, 0x000000076b400000)
  object space 321536K, 99% used [0x00000006c1c00000,0x00000006d54d2138,0x00000006d5600000)
 Metaspace       used 31731K, capacity 33238K, committed 33536K, reserved 1079296K
  class space    used 4040K, capacity 4310K, committed 4352K, reserved 1048576K
}

